2023-07-14 11:09:44.0929|0|DEBUG|Program|init main |url: |action: 
2023-07-14 13:14:16.0715|0|DEBUG|Program|init main |url: |action: 
2023-07-14 18:47:35.1602|0|DEBUG|Program|init main |url: |action: 
2023-07-14 18:47:39.2814|0|ERROR|Program|Stopped program because of exception System.InvalidOperationException: Error while validating the service descriptor 'ServiceType: Bussiness.Interfaces.IroleCRUDInterface Lifetime: Scoped ImplementationType: Bussiness.Services.RoleCRUDService': Unable to activate type 'Bussiness.Services.RoleCRUDService'. The following constructors are ambiguous:
Void .ctor(Model.ApplicationDbContext)
Void .ctor(Microsoft.Extensions.Logging.ILogger`1[Bussiness.Services.RoleCRUDService])
 ---> System.InvalidOperationException: Unable to activate type 'Bussiness.Services.RoleCRUDService'. The following constructors are ambiguous:
Void .ctor(Model.ApplicationDbContext)
Void .ctor(Microsoft.Extensions.Logging.ILogger`1[Bussiness.Services.RoleCRUDService])
   at Microsoft.Extensions.DependencyInjection.ServiceLookup.CallSiteFactory.CreateConstructorCallSite(ResultCache lifetime, Type serviceType, Type implementationType, CallSiteChain callSiteChain)
   at Microsoft.Extensions.DependencyInjection.ServiceLookup.CallSiteFactory.TryCreateExact(ServiceDescriptor descriptor, Type serviceType, CallSiteChain callSiteChain, Int32 slot)
   at Microsoft.Extensions.DependencyInjection.ServiceLookup.CallSiteFactory.GetCallSite(ServiceDescriptor serviceDescriptor, CallSiteChain callSiteChain)
   at Microsoft.Extensions.DependencyInjection.ServiceProvider.ValidateService(ServiceDescriptor descriptor)
   --- End of inner exception stack trace ---
   at Microsoft.Extensions.DependencyInjection.ServiceProvider.ValidateService(ServiceDescriptor descriptor)
   at Microsoft.Extensions.DependencyInjection.ServiceProvider..ctor(ICollection`1 serviceDescriptors, ServiceProviderOptions options)|url: |action: 
2023-07-14 18:48:13.7659|0|DEBUG|Program|init main |url: |action: 
2023-07-14 18:48:14.3773|0|ERROR|Program|Stopped program because of exception System.InvalidOperationException: The following errors occurred with attribute routing information:

Error 1:
For action: 'RoleBasedAndJWTapi.Controllers.BaseAllDataController.GetALLGroupName (RoleBasedAndJWTapi)'
Error: While processing template 'api/[controller]/api/[BaseAllData]', a replacement value for the token 'BaseAllData' could not be found. Available tokens: 'action, controller'. To use a '[' or ']' as a literal string in a route or within a constraint, use '[[' or ']]' instead.
   at Microsoft.AspNetCore.Mvc.ApplicationModels.ApplicationModelFactory.Flatten[TResult](ApplicationModel application, Func`5 flattener)
   at Microsoft.AspNetCore.Mvc.ApplicationModels.ControllerActionDescriptorBuilder.Build(ApplicationModel application)
   at Microsoft.AspNetCore.Mvc.ApplicationModels.ControllerActionDescriptorProvider.GetDescriptors()
   at Microsoft.AspNetCore.Mvc.ApplicationModels.ControllerActionDescriptorProvider.OnProvidersExecuting(ActionDescriptorProviderContext context)
   at Microsoft.AspNetCore.Mvc.Infrastructure.DefaultActionDescriptorCollectionProvider.UpdateCollection()
   at Microsoft.AspNetCore.Mvc.Infrastructure.DefaultActionDescriptorCollectionProvider.Initialize()
   at Microsoft.AspNetCore.Mvc.Routing.ActionEndpointDataSourceBase.<>c__DisplayClass11_0.<Subscribe>b__0()
   at Microsoft.Extensions.Primitives.ChangeToken.OnChange(Func`1 changeTokenProducer, Action changeTokenConsumer)
   at Microsoft.AspNetCore.Mvc.Routing.ActionEndpointDataSourceBase.Subscribe()
   at Microsoft.AspNetCore.Builder.RazorPagesEndpointRouteBuilderExtensions.GetOrCreateDataSource(IEndpointRouteBuilder endpoints)
   at Microsoft.AspNetCore.Builder.RazorPagesEndpointRouteBuilderExtensions.MapRazorPages(IEndpointRouteBuilder endpoints)
   at Program.<Main>$(String[] args) in C:\Nadia\Projects\core\RoleBasedAndJWT\RoleBasedAndJWTapi\Program.cs:line 102|url: |action: 
2023-07-14 18:49:53.6427|0|DEBUG|Program|init main |url: |action: 
2023-07-14 18:58:38.8520|0|DEBUG|Program|init main |url: |action: 
2023-07-14 19:02:20.4268|0|DEBUG|Program|init main |url: |action: 
2023-07-14 19:02:21.1685|0|ERROR|Program|Stopped program because of exception System.InvalidOperationException: Error while validating the service descriptor 'ServiceType: Bussiness.Interfaces.IroleCRUDInterface Lifetime: Scoped ImplementationType: Bussiness.Services.RoleCRUDService': Unable to activate type 'Bussiness.Services.RoleCRUDService'. The following constructors are ambiguous:
Void .ctor(Model.ApplicationDbContext)
Void .ctor(Microsoft.Extensions.Logging.ILogger`1[Bussiness.Services.RoleCRUDService])
 ---> System.InvalidOperationException: Unable to activate type 'Bussiness.Services.RoleCRUDService'. The following constructors are ambiguous:
Void .ctor(Model.ApplicationDbContext)
Void .ctor(Microsoft.Extensions.Logging.ILogger`1[Bussiness.Services.RoleCRUDService])
   at Microsoft.Extensions.DependencyInjection.ServiceLookup.CallSiteFactory.CreateConstructorCallSite(ResultCache lifetime, Type serviceType, Type implementationType, CallSiteChain callSiteChain)
   at Microsoft.Extensions.DependencyInjection.ServiceLookup.CallSiteFactory.TryCreateExact(ServiceDescriptor descriptor, Type serviceType, CallSiteChain callSiteChain, Int32 slot)
   at Microsoft.Extensions.DependencyInjection.ServiceLookup.CallSiteFactory.GetCallSite(ServiceDescriptor serviceDescriptor, CallSiteChain callSiteChain)
   at Microsoft.Extensions.DependencyInjection.ServiceProvider.ValidateService(ServiceDescriptor descriptor)
   --- End of inner exception stack trace ---
   at Microsoft.Extensions.DependencyInjection.ServiceProvider.ValidateService(ServiceDescriptor descriptor)
   at Microsoft.Extensions.DependencyInjection.ServiceProvider..ctor(ICollection`1 serviceDescriptors, ServiceProviderOptions options)|url: |action: 
2023-07-14 19:35:52.2921|0|DEBUG|Program|init main |url: |action: 
2023-07-14 19:35:53.0873|0|ERROR|Program|Stopped program because of exception System.InvalidOperationException: Error while validating the service descriptor 'ServiceType: Bussiness.Interfaces.IroleCRUDInterface Lifetime: Scoped ImplementationType: Bussiness.Services.RoleCRUDService': Unable to activate type 'Bussiness.Services.RoleCRUDService'. The following constructors are ambiguous:
Void .ctor(Model.ApplicationDbContext)
Void .ctor(Microsoft.Extensions.Logging.ILogger`1[Bussiness.Services.RoleCRUDService])
 ---> System.InvalidOperationException: Unable to activate type 'Bussiness.Services.RoleCRUDService'. The following constructors are ambiguous:
Void .ctor(Model.ApplicationDbContext)
Void .ctor(Microsoft.Extensions.Logging.ILogger`1[Bussiness.Services.RoleCRUDService])
   at Microsoft.Extensions.DependencyInjection.ServiceLookup.CallSiteFactory.CreateConstructorCallSite(ResultCache lifetime, Type serviceType, Type implementationType, CallSiteChain callSiteChain)
   at Microsoft.Extensions.DependencyInjection.ServiceLookup.CallSiteFactory.TryCreateExact(ServiceDescriptor descriptor, Type serviceType, CallSiteChain callSiteChain, Int32 slot)
   at Microsoft.Extensions.DependencyInjection.ServiceLookup.CallSiteFactory.GetCallSite(ServiceDescriptor serviceDescriptor, CallSiteChain callSiteChain)
   at Microsoft.Extensions.DependencyInjection.ServiceProvider.ValidateService(ServiceDescriptor descriptor)
   --- End of inner exception stack trace ---
   at Microsoft.Extensions.DependencyInjection.ServiceProvider.ValidateService(ServiceDescriptor descriptor)
   at Microsoft.Extensions.DependencyInjection.ServiceProvider..ctor(ICollection`1 serviceDescriptors, ServiceProviderOptions options)|url: |action: 
2023-07-14 19:42:26.7533|0|DEBUG|Program|init main |url: |action: 
2023-07-14 19:42:27.4796|0|ERROR|Program|Stopped program because of exception System.AggregateException: Some services are not able to be constructed (Error while validating the service descriptor 'ServiceType: Bussiness.Interfaces.IroleCRUDInterface Lifetime: Scoped ImplementationType: Bussiness.Services.RoleCRUDService': Unable to activate type 'Bussiness.Services.RoleCRUDService'. The following constructors are ambiguous:
Void .ctor(Model.ApplicationDbContext)
Void .ctor(Microsoft.Extensions.Logging.ILogger`1[Bussiness.Services.RoleCRUDService])) (Error while validating the service descriptor 'ServiceType: Bussiness.Interfaces.IroleCRUDInterface Lifetime: Scoped ImplementationType: Bussiness.Services.RoleCRUDService': Unable to activate type 'Bussiness.Services.RoleCRUDService'. The following constructors are ambiguous:
Void .ctor(Model.ApplicationDbContext)
Void .ctor(Microsoft.Extensions.Logging.ILogger`1[Bussiness.Services.RoleCRUDService]))
 ---> System.InvalidOperationException: Error while validating the service descriptor 'ServiceType: Bussiness.Interfaces.IroleCRUDInterface Lifetime: Scoped ImplementationType: Bussiness.Services.RoleCRUDService': Unable to activate type 'Bussiness.Services.RoleCRUDService'. The following constructors are ambiguous:
Void .ctor(Model.ApplicationDbContext)
Void .ctor(Microsoft.Extensions.Logging.ILogger`1[Bussiness.Services.RoleCRUDService])
 ---> System.InvalidOperationException: Unable to activate type 'Bussiness.Services.RoleCRUDService'. The following constructors are ambiguous:
Void .ctor(Model.ApplicationDbContext)
Void .ctor(Microsoft.Extensions.Logging.ILogger`1[Bussiness.Services.RoleCRUDService])
   at Microsoft.Extensions.DependencyInjection.ServiceLookup.CallSiteFactory.CreateConstructorCallSite(ResultCache lifetime, Type serviceType, Type implementationType, CallSiteChain callSiteChain)
   at Microsoft.Extensions.DependencyInjection.ServiceLookup.CallSiteFactory.TryCreateExact(ServiceDescriptor descriptor, Type serviceType, CallSiteChain callSiteChain, Int32 slot)
   at Microsoft.Extensions.DependencyInjection.ServiceLookup.CallSiteFactory.GetCallSite(ServiceDescriptor serviceDescriptor, CallSiteChain callSiteChain)
   at Microsoft.Extensions.DependencyInjection.ServiceProvider.ValidateService(ServiceDescriptor descriptor)
   --- End of inner exception stack trace ---
   at Microsoft.Extensions.DependencyInjection.ServiceProvider.ValidateService(ServiceDescriptor descriptor)
   at Microsoft.Extensions.DependencyInjection.ServiceProvider..ctor(ICollection`1 serviceDescriptors, ServiceProviderOptions options)
   --- End of inner exception stack trace ---
 ---> (Inner Exception #1) System.InvalidOperationException: Error while validating the service descriptor 'ServiceType: Bussiness.Interfaces.IroleCRUDInterface Lifetime: Scoped ImplementationType: Bussiness.Services.RoleCRUDService': Unable to activate type 'Bussiness.Services.RoleCRUDService'. The following constructors are ambiguous:
Void .ctor(Model.ApplicationDbContext)
Void .ctor(Microsoft.Extensions.Logging.ILogger`1[Bussiness.Services.RoleCRUDService])
 ---> System.InvalidOperationException: Unable to activate type 'Bussiness.Services.RoleCRUDService'. The following constructors are ambiguous:
Void .ctor(Model.ApplicationDbContext)
Void .ctor(Microsoft.Extensions.Logging.ILogger`1[Bussiness.Services.RoleCRUDService])
   at Microsoft.Extensions.DependencyInjection.ServiceLookup.CallSiteFactory.CreateConstructorCallSite(ResultCache lifetime, Type serviceType, Type implementationType, CallSiteChain callSiteChain)
   at Microsoft.Extensions.DependencyInjection.ServiceLookup.CallSiteFactory.TryCreateExact(ServiceDescriptor descriptor, Type serviceType, CallSiteChain callSiteChain, Int32 slot)
   at Microsoft.Extensions.DependencyInjection.ServiceLookup.CallSiteFactory.GetCallSite(ServiceDescriptor serviceDescriptor, CallSiteChain callSiteChain)
   at Microsoft.Extensions.DependencyInjection.ServiceProvider.ValidateService(ServiceDescriptor descriptor)
   --- End of inner exception stack trace ---
   at Microsoft.Extensions.DependencyInjection.ServiceProvider.ValidateService(ServiceDescriptor descriptor)
   at Microsoft.Extensions.DependencyInjection.ServiceProvider..ctor(ICollection`1 serviceDescriptors, ServiceProviderOptions options)<---
|url: |action: 
2023-07-14 19:43:19.2449|0|DEBUG|Program|init main |url: |action: 
2023-07-14 19:43:19.9497|0|ERROR|Program|Stopped program because of exception System.InvalidOperationException: Error while validating the service descriptor 'ServiceType: Bussiness.Interfaces.IroleCRUDInterface Lifetime: Scoped ImplementationType: Bussiness.Services.RoleCRUDService': Unable to activate type 'Bussiness.Services.RoleCRUDService'. The following constructors are ambiguous:
Void .ctor(Model.ApplicationDbContext)
Void .ctor(Microsoft.Extensions.Logging.ILogger`1[Bussiness.Services.RoleCRUDService])
 ---> System.InvalidOperationException: Unable to activate type 'Bussiness.Services.RoleCRUDService'. The following constructors are ambiguous:
Void .ctor(Model.ApplicationDbContext)
Void .ctor(Microsoft.Extensions.Logging.ILogger`1[Bussiness.Services.RoleCRUDService])
   at Microsoft.Extensions.DependencyInjection.ServiceLookup.CallSiteFactory.CreateConstructorCallSite(ResultCache lifetime, Type serviceType, Type implementationType, CallSiteChain callSiteChain)
   at Microsoft.Extensions.DependencyInjection.ServiceLookup.CallSiteFactory.TryCreateExact(ServiceDescriptor descriptor, Type serviceType, CallSiteChain callSiteChain, Int32 slot)
   at Microsoft.Extensions.DependencyInjection.ServiceLookup.CallSiteFactory.GetCallSite(ServiceDescriptor serviceDescriptor, CallSiteChain callSiteChain)
   at Microsoft.Extensions.DependencyInjection.ServiceProvider.ValidateService(ServiceDescriptor descriptor)
   --- End of inner exception stack trace ---
   at Microsoft.Extensions.DependencyInjection.ServiceProvider.ValidateService(ServiceDescriptor descriptor)
   at Microsoft.Extensions.DependencyInjection.ServiceProvider..ctor(ICollection`1 serviceDescriptors, ServiceProviderOptions options)|url: |action: 
2023-07-14 19:58:05.5849|0|DEBUG|Program|init main |url: |action: 
2023-07-14 19:58:06.2729|0|ERROR|Program|Stopped program because of exception System.InvalidOperationException: Error while validating the service descriptor 'ServiceType: Bussiness.Interfaces.IroleCRUDInterface Lifetime: Scoped ImplementationType: Bussiness.Services.RoleCRUDService': Unable to activate type 'Bussiness.Services.RoleCRUDService'. The following constructors are ambiguous:
Void .ctor(Model.ApplicationDbContext)
Void .ctor(Microsoft.Extensions.Logging.ILogger`1[Bussiness.Services.RoleCRUDService])
 ---> System.InvalidOperationException: Unable to activate type 'Bussiness.Services.RoleCRUDService'. The following constructors are ambiguous:
Void .ctor(Model.ApplicationDbContext)
Void .ctor(Microsoft.Extensions.Logging.ILogger`1[Bussiness.Services.RoleCRUDService])
   at Microsoft.Extensions.DependencyInjection.ServiceLookup.CallSiteFactory.CreateConstructorCallSite(ResultCache lifetime, Type serviceType, Type implementationType, CallSiteChain callSiteChain)
   at Microsoft.Extensions.DependencyInjection.ServiceLookup.CallSiteFactory.TryCreateExact(ServiceDescriptor descriptor, Type serviceType, CallSiteChain callSiteChain, Int32 slot)
   at Microsoft.Extensions.DependencyInjection.ServiceLookup.CallSiteFactory.GetCallSite(ServiceDescriptor serviceDescriptor, CallSiteChain callSiteChain)
   at Microsoft.Extensions.DependencyInjection.ServiceProvider.ValidateService(ServiceDescriptor descriptor)
   --- End of inner exception stack trace ---
   at Microsoft.Extensions.DependencyInjection.ServiceProvider.ValidateService(ServiceDescriptor descriptor)
   at Microsoft.Extensions.DependencyInjection.ServiceProvider..ctor(ICollection`1 serviceDescriptors, ServiceProviderOptions options)|url: |action: 
2023-07-14 20:00:50.7531|0|DEBUG|Program|init main |url: |action: 
2023-07-14 20:00:51.1364|0|ERROR|Program|Stopped program because of exception System.InvalidOperationException: Error while validating the service descriptor 'ServiceType: Bussiness.Interfaces.IroleCRUDInterface Lifetime: Scoped ImplementationType: Bussiness.Services.RoleCRUDService': Unable to activate type 'Bussiness.Services.RoleCRUDService'. The following constructors are ambiguous:
Void .ctor(Model.ApplicationDbContext)
Void .ctor(Microsoft.Extensions.Logging.ILogger`1[Bussiness.Services.RoleCRUDService])
 ---> System.InvalidOperationException: Unable to activate type 'Bussiness.Services.RoleCRUDService'. The following constructors are ambiguous:
Void .ctor(Model.ApplicationDbContext)
Void .ctor(Microsoft.Extensions.Logging.ILogger`1[Bussiness.Services.RoleCRUDService])
   at Microsoft.Extensions.DependencyInjection.ServiceLookup.CallSiteFactory.CreateConstructorCallSite(ResultCache lifetime, Type serviceType, Type implementationType, CallSiteChain callSiteChain)
   at Microsoft.Extensions.DependencyInjection.ServiceLookup.CallSiteFactory.TryCreateExact(ServiceDescriptor descriptor, Type serviceType, CallSiteChain callSiteChain, Int32 slot)
   at Microsoft.Extensions.DependencyInjection.ServiceLookup.CallSiteFactory.GetCallSite(ServiceDescriptor serviceDescriptor, CallSiteChain callSiteChain)
   at Microsoft.Extensions.DependencyInjection.ServiceProvider.ValidateService(ServiceDescriptor descriptor)
   --- End of inner exception stack trace ---
   at Microsoft.Extensions.DependencyInjection.ServiceProvider.ValidateService(ServiceDescriptor descriptor)
   at Microsoft.Extensions.DependencyInjection.ServiceProvider..ctor(ICollection`1 serviceDescriptors, ServiceProviderOptions options)|url: |action: 
2023-07-14 20:07:03.8363|0|DEBUG|Program|init main |url: |action: 
2023-07-14 20:07:04.2332|0|ERROR|Program|Stopped program because of exception System.InvalidOperationException: Error while validating the service descriptor 'ServiceType: Bussiness.Interfaces.IroleCRUDInterface Lifetime: Scoped ImplementationType: Bussiness.Services.RoleCRUDService': Unable to activate type 'Bussiness.Services.RoleCRUDService'. The following constructors are ambiguous:
Void .ctor(Model.ApplicationDbContext)
Void .ctor(Microsoft.Extensions.Logging.ILogger`1[Bussiness.Services.RoleCRUDService])
 ---> System.InvalidOperationException: Unable to activate type 'Bussiness.Services.RoleCRUDService'. The following constructors are ambiguous:
Void .ctor(Model.ApplicationDbContext)
Void .ctor(Microsoft.Extensions.Logging.ILogger`1[Bussiness.Services.RoleCRUDService])
   at Microsoft.Extensions.DependencyInjection.ServiceLookup.CallSiteFactory.CreateConstructorCallSite(ResultCache lifetime, Type serviceType, Type implementationType, CallSiteChain callSiteChain)
   at Microsoft.Extensions.DependencyInjection.ServiceLookup.CallSiteFactory.TryCreateExact(ServiceDescriptor descriptor, Type serviceType, CallSiteChain callSiteChain, Int32 slot)
   at Microsoft.Extensions.DependencyInjection.ServiceLookup.CallSiteFactory.GetCallSite(ServiceDescriptor serviceDescriptor, CallSiteChain callSiteChain)
   at Microsoft.Extensions.DependencyInjection.ServiceProvider.ValidateService(ServiceDescriptor descriptor)
   --- End of inner exception stack trace ---
   at Microsoft.Extensions.DependencyInjection.ServiceProvider.ValidateService(ServiceDescriptor descriptor)
   at Microsoft.Extensions.DependencyInjection.ServiceProvider..ctor(ICollection`1 serviceDescriptors, ServiceProviderOptions options)|url: |action: 
2023-07-14 20:17:00.6317|0|DEBUG|Program|init main |url: |action: 
2023-07-14 20:17:01.0079|0|ERROR|Program|Stopped program because of exception System.InvalidOperationException: Error while validating the service descriptor 'ServiceType: Bussiness.Interfaces.IRoleCRUDInterface Lifetime: Scoped ImplementationType: Bussiness.Services.RoleCRUD': Unable to activate type 'Bussiness.Services.RoleCRUD'. The following constructors are ambiguous:
Void .ctor(Model.ApplicationDbContext)
Void .ctor(Microsoft.Extensions.Logging.ILogger`1[Bussiness.Services.RoleCRUD])
 ---> System.InvalidOperationException: Unable to activate type 'Bussiness.Services.RoleCRUD'. The following constructors are ambiguous:
Void .ctor(Model.ApplicationDbContext)
Void .ctor(Microsoft.Extensions.Logging.ILogger`1[Bussiness.Services.RoleCRUD])
   at Microsoft.Extensions.DependencyInjection.ServiceLookup.CallSiteFactory.CreateConstructorCallSite(ResultCache lifetime, Type serviceType, Type implementationType, CallSiteChain callSiteChain)
   at Microsoft.Extensions.DependencyInjection.ServiceLookup.CallSiteFactory.TryCreateExact(ServiceDescriptor descriptor, Type serviceType, CallSiteChain callSiteChain, Int32 slot)
   at Microsoft.Extensions.DependencyInjection.ServiceLookup.CallSiteFactory.GetCallSite(ServiceDescriptor serviceDescriptor, CallSiteChain callSiteChain)
   at Microsoft.Extensions.DependencyInjection.ServiceProvider.ValidateService(ServiceDescriptor descriptor)
   --- End of inner exception stack trace ---
   at Microsoft.Extensions.DependencyInjection.ServiceProvider.ValidateService(ServiceDescriptor descriptor)
   at Microsoft.Extensions.DependencyInjection.ServiceProvider..ctor(ICollection`1 serviceDescriptors, ServiceProviderOptions options)|url: |action: 
2023-07-14 20:20:49.1094|0|DEBUG|Program|init main |url: |action: 
2023-07-14 20:20:49.4882|0|ERROR|Program|Stopped program because of exception System.InvalidOperationException: Error while validating the service descriptor 'ServiceType: Bussiness.Interfaces.IRoleCRUDInterface Lifetime: Scoped ImplementationType: Bussiness.Services.RoleCRUD': Unable to activate type 'Bussiness.Services.RoleCRUD'. The following constructors are ambiguous:
Void .ctor(Model.ApplicationDbContext)
Void .ctor(Microsoft.Extensions.Logging.ILogger`1[Bussiness.Services.RoleCRUD])
 ---> System.InvalidOperationException: Unable to activate type 'Bussiness.Services.RoleCRUD'. The following constructors are ambiguous:
Void .ctor(Model.ApplicationDbContext)
Void .ctor(Microsoft.Extensions.Logging.ILogger`1[Bussiness.Services.RoleCRUD])
   at Microsoft.Extensions.DependencyInjection.ServiceLookup.CallSiteFactory.CreateConstructorCallSite(ResultCache lifetime, Type serviceType, Type implementationType, CallSiteChain callSiteChain)
   at Microsoft.Extensions.DependencyInjection.ServiceLookup.CallSiteFactory.TryCreateExact(ServiceDescriptor descriptor, Type serviceType, CallSiteChain callSiteChain, Int32 slot)
   at Microsoft.Extensions.DependencyInjection.ServiceLookup.CallSiteFactory.GetCallSite(ServiceDescriptor serviceDescriptor, CallSiteChain callSiteChain)
   at Microsoft.Extensions.DependencyInjection.ServiceProvider.ValidateService(ServiceDescriptor descriptor)
   --- End of inner exception stack trace ---
   at Microsoft.Extensions.DependencyInjection.ServiceProvider.ValidateService(ServiceDescriptor descriptor)
   at Microsoft.Extensions.DependencyInjection.ServiceProvider..ctor(ICollection`1 serviceDescriptors, ServiceProviderOptions options)|url: |action: 
2023-07-14 20:41:42.5235|0|DEBUG|Program|init main |url: |action: 
2023-07-14 20:46:05.8340|0|DEBUG|Program|init main |url: |action: 
2023-07-14 20:48:05.9242|0|DEBUG|Program|init main |url: |action: 
